<?xml version="1.0" encoding="UTF-8"?>
<!-- Generated by org.testng.reporters.JUnitReportReporter -->
<testsuite hostname="DESKTOP-QQJINFP" failures="0" tests="2" name="com.saucedemo.Test_Desafio4_E1" time="8.512" errors="0" timestamp="2026-05-03T15:38:19 ART" skipped="0">
  <testcase classname="com.saucedemo.Test_Desafio4_E1" name="testGenerarOrden" time="3.294"/>
  <testcase classname="com.saucedemo.Test_Desafio4_E1" name="testGenerarOrden" time="5.218"/>
</testsuite> <!-- com.saucedemo.Test_Desafio4_E1 -->
