<?xml version="1.0" encoding="UTF-8"?>
<!-- Generated by org.testng.reporters.JUnitReportReporter -->
<testsuite hostname="DESKTOP-QQJINFP" failures="0" tests="2" name="com.saucedemo.Test_Desafio3_E3" time="16.493" errors="0" timestamp="2026-05-03T15:13:04 ART" skipped="0">
  <testcase classname="com.saucedemo.Test_Desafio3_E3" name="testGenerarPreOrden" time="3.025"/>
  <testcase classname="com.saucedemo.Test_Desafio3_E3" name="testGenerarPreOrden" time="13.468"/>
</testsuite> <!-- com.saucedemo.Test_Desafio3_E3 -->
